20:54:33 **** Incremental Build of configuration Debug for project project2 ****
make all 
Building target: project2
Invoking: MacOS X C++ Linker
g++  -o "project2"  ./Fraction.o   
Undefined symbols for architecture x86_64:
  "_main", referenced from:
     implicit entry/start for main executable
ld: symbol(s) not found for architecture x86_64
clang: error: linker command failed with exit code 1 (use -v to see invocation)
make: *** [project2] Error 1
